<?xml version="1.0" encoding="UTF-8"?>
<!-- Generated by org.testng.reporters.JUnitReportReporter -->
<testsuite hostname="ramkrishnas-mbp.lan" failures="0" tests="1" name="com.mobile.tests.HomeTest" time="26.083" errors="0" timestamp="2024-03-14T23:02:40 CDT" skipped="0">
  <testcase classname="com.mobile.tests.HomeTest" name="firstTest" time="26.083"/>
</testsuite> <!-- com.mobile.tests.HomeTest -->
